TN:
SF:controllers\accounts.controller.js
FN:3,getAllAccounts
FN:12,getAccountById
FN:29,getAccByUserId
FN:59,createAccount
FN:84,updateAccount
FN:114,deleteAccount
FNF:6
FNH:6
FNDA:1,getAllAccounts
FNDA:2,getAccountById
FNDA:2,getAccByUserId
FNDA:2,createAccount
FNDA:1,updateAccount
FNDA:1,deleteAccount
DA:1,1
DA:2,1
DA:3,1
DA:4,1
DA:5,1
DA:6,1
DA:7,1
DA:8,0
DA:9,0
DA:10,1
DA:11,1
DA:12,1
DA:13,2
DA:14,2
DA:15,2
DA:16,2
DA:17,2
DA:18,2
DA:19,2
DA:20,2
DA:21,1
DA:22,1
DA:23,1
DA:24,2
DA:25,0
DA:26,0
DA:27,2
DA:28,1
DA:29,1
DA:30,2
DA:31,2
DA:32,2
DA:33,2
DA:34,2
DA:35,2
DA:36,2
DA:37,2
DA:38,2
DA:39,2
DA:40,1
DA:41,1
DA:42,1
DA:43,1
DA:44,1
DA:45,1
DA:46,1
DA:47,1
DA:48,1
DA:49,2
DA:50,0
DA:51,0
DA:52,1
DA:53,1
DA:54,2
DA:55,0
DA:56,0
DA:57,2
DA:58,1
DA:59,1
DA:60,2
DA:61,2
DA:62,2
DA:63,2
DA:64,2
DA:65,2
DA:66,1
DA:67,1
DA:68,1
DA:69,1
DA:70,1
DA:71,1
DA:72,1
DA:73,1
DA:74,1
DA:75,1
DA:76,1
DA:77,1
DA:78,1
DA:79,2
DA:80,0
DA:81,0
DA:82,2
DA:83,1
DA:84,1
DA:85,1
DA:86,1
DA:87,1
DA:88,1
DA:89,1
DA:90,1
DA:91,1
DA:92,1
DA:93,1
DA:94,0
DA:95,0
DA:96,1
DA:97,1
DA:98,1
DA:99,1
DA:100,1
DA:101,1
DA:102,1
DA:103,1
DA:104,1
DA:105,1
DA:106,1
DA:107,1
DA:108,1
DA:109,1
DA:110,0
DA:111,0
DA:112,1
DA:113,1
DA:114,1
DA:115,1
DA:116,1
DA:117,1
DA:118,1
DA:119,1
DA:120,1
DA:121,1
DA:122,1
DA:123,1
DA:124,1
DA:125,0
DA:126,0
DA:127,1
DA:128,1
DA:129,1
DA:130,1
DA:131,1
DA:132,1
DA:133,1
DA:134,1
DA:135,1
DA:136,1
LF:136
LH:120
BRDA:3,0,0,1
BRDA:7,1,0,0
BRDA:12,2,0,2
BRDA:20,3,0,1
BRDA:24,4,0,0
BRDA:29,5,0,2
BRDA:39,6,0,1
BRDA:49,7,0,0
BRDA:51,8,0,1
BRDA:54,9,0,0
BRDA:59,10,0,2
BRDA:65,11,0,1
BRDA:65,12,0,1
BRDA:79,13,0,0
BRDA:84,14,0,1
BRDA:93,15,0,0
BRDA:98,16,0,0
BRDA:109,17,0,0
BRDA:114,18,0,1
BRDA:124,19,0,0
BRF:20
BRH:11
end_of_record
TN:
SF:controllers\auth.controller.js
FN:5,loginUser
FN:53,authCheck
FNF:2
FNH:2
FNDA:4,loginUser
FNDA:1,authCheck
DA:1,1
DA:2,1
DA:3,1
DA:4,1
DA:5,1
DA:6,4
DA:7,4
DA:8,4
DA:9,4
DA:10,1
DA:11,1
DA:12,3
DA:13,3
DA:14,3
DA:15,3
DA:16,3
DA:17,3
DA:18,3
DA:19,4
DA:20,2
DA:21,2
DA:22,1
DA:23,1
DA:24,1
DA:25,4
DA:26,0
DA:27,0
DA:28,1
DA:29,1
DA:30,1
DA:31,1
DA:32,1
DA:33,1
DA:34,1
DA:35,1
DA:36,1
DA:37,1
DA:38,1
DA:39,1
DA:40,1
DA:41,1
DA:42,1
DA:43,1
DA:44,1
DA:45,4
DA:46,0
DA:47,0
DA:48,0
DA:49,0
DA:50,0
DA:51,4
DA:52,1
DA:53,1
DA:54,1
DA:55,1
DA:56,1
DA:57,1
DA:58,1
DA:59,0
DA:60,0
DA:61,1
DA:62,1
DA:63,1
DA:64,1
DA:65,1
DA:66,1
LF:66
LH:57
BRDA:5,0,0,4
BRDA:9,1,0,3
BRDA:9,2,0,1
BRDA:11,3,0,3
BRDA:19,4,0,2
BRDA:21,5,0,1
BRDA:25,6,0,0
BRDA:27,7,0,1
BRDA:45,8,0,0
BRDA:53,9,0,1
BRDA:58,10,0,0
BRF:11
BRH:8
end_of_record
TN:
SF:controllers\transactions.controller.js
FN:3,createTransaction
FN:47,getTransactionById
FN:61,getTransactionByAcc
FN:80,getAllTransactions
FNF:4
FNH:4
FNDA:3,createTransaction
FNDA:1,getTransactionById
FNDA:1,getTransactionByAcc
FNDA:1,getAllTransactions
DA:1,1
DA:2,1
DA:3,1
DA:4,3
DA:5,3
DA:6,3
DA:7,3
DA:8,3
DA:9,0
DA:10,0
DA:11,0
DA:12,0
DA:13,3
DA:14,3
DA:15,3
DA:16,3
DA:17,3
DA:18,3
DA:19,1
DA:20,1
DA:21,2
DA:22,2
DA:23,2
DA:24,2
DA:25,2
DA:26,3
DA:27,1
DA:28,1
DA:29,1
DA:30,1
DA:31,1
DA:32,1
DA:33,1
DA:34,1
DA:35,1
DA:36,1
DA:37,1
DA:38,1
DA:39,1
DA:40,1
DA:41,1
DA:42,3
DA:43,0
DA:44,0
DA:45,3
DA:46,1
DA:47,1
DA:48,1
DA:49,1
DA:50,1
DA:51,1
DA:52,1
DA:53,1
DA:54,1
DA:55,1
DA:56,1
DA:57,0
DA:58,0
DA:59,1
DA:60,1
DA:61,1
DA:62,1
DA:63,1
DA:64,1
DA:65,1
DA:66,1
DA:67,1
DA:68,1
DA:69,1
DA:70,1
DA:71,1
DA:72,1
DA:73,1
DA:74,1
DA:75,1
DA:76,0
DA:77,0
DA:78,1
DA:79,1
DA:80,1
DA:81,1
DA:82,1
DA:83,1
DA:84,1
DA:85,0
DA:86,0
DA:87,1
DA:88,1
DA:89,1
DA:90,1
DA:91,1
DA:92,1
DA:93,1
DA:94,1
LF:94
LH:82
BRDA:3,0,0,3
BRDA:8,1,0,0
BRDA:18,2,0,1
BRDA:20,3,0,2
BRDA:26,4,0,1
BRDA:42,5,0,0
BRDA:47,6,0,1
BRDA:56,7,0,0
BRDA:61,8,0,1
BRDA:75,9,0,0
BRDA:80,10,0,1
BRDA:84,11,0,0
BRF:12
BRH:7
end_of_record
TN:
SF:controllers\users.controller.js
FN:4,getAllUser
FN:13,getUserById
FN:33,createUserWithProfile
FN:80,updateUsersWithProfile
FN:122,deleteUsersById
FNF:5
FNH:5
FNDA:1,getAllUser
FNDA:2,getUserById
FNDA:3,createUserWithProfile
FNDA:2,updateUsersWithProfile
FNDA:1,deleteUsersById
DA:1,1
DA:2,1
DA:3,1
DA:4,1
DA:5,1
DA:6,1
DA:7,1
DA:8,1
DA:9,0
DA:10,0
DA:11,1
DA:12,1
DA:13,1
DA:14,2
DA:15,2
DA:16,2
DA:17,2
DA:18,2
DA:19,2
DA:20,2
DA:21,2
DA:22,2
DA:23,2
DA:24,2
DA:25,1
DA:26,1
DA:27,1
DA:28,2
DA:29,0
DA:30,0
DA:31,2
DA:32,1
DA:33,1
DA:34,3
DA:35,3
DA:36,3
DA:37,3
DA:38,3
DA:39,3
DA:40,3
DA:41,1
DA:42,1
DA:43,1
DA:44,1
DA:45,2
DA:46,2
DA:47,2
DA:48,2
DA:49,2
DA:50,2
DA:51,2
DA:52,3
DA:53,1
DA:54,1
DA:55,1
DA:56,1
DA:57,1
DA:58,1
DA:59,1
DA:60,1
DA:61,1
DA:62,1
DA:63,1
DA:64,1
DA:65,1
DA:66,1
DA:67,1
DA:68,1
DA:69,1
DA:70,1
DA:71,1
DA:72,1
DA:73,1
DA:74,1
DA:75,3
DA:76,0
DA:77,0
DA:78,3
DA:79,1
DA:80,1
DA:81,2
DA:82,2
DA:83,2
DA:84,2
DA:85,2
DA:86,2
DA:87,2
DA:88,2
DA:89,2
DA:90,2
DA:91,1
DA:92,1
DA:93,1
DA:94,2
DA:95,2
DA:96,2
DA:97,2
DA:98,2
DA:99,2
DA:100,2
DA:101,2
DA:102,2
DA:103,2
DA:104,2
DA:105,2
DA:106,2
DA:107,2
DA:108,2
DA:109,2
DA:110,2
DA:111,2
DA:112,2
DA:113,2
DA:114,2
DA:115,2
DA:116,1
DA:117,2
DA:118,0
DA:119,0
DA:120,2
DA:121,1
DA:122,1
DA:123,1
DA:124,1
DA:125,1
DA:126,1
DA:127,1
DA:128,1
DA:129,1
DA:130,1
DA:131,1
DA:132,0
DA:133,0
DA:134,1
DA:135,1
DA:136,1
DA:137,1
DA:138,1
DA:139,1
DA:140,1
DA:141,1
DA:142,1
LF:142
LH:132
BRDA:4,0,0,1
BRDA:8,1,0,0
BRDA:13,2,0,2
BRDA:24,3,0,1
BRDA:28,4,0,0
BRDA:33,5,0,3
BRDA:40,6,0,2
BRDA:40,7,0,2
BRDA:40,8,0,1
BRDA:44,9,0,2
BRDA:52,10,0,1
BRDA:75,11,0,0
BRDA:80,12,0,2
BRDA:90,13,0,1
BRDA:94,14,0,0
BRDA:95,15,0,0
BRDA:96,16,0,0
BRDA:100,17,0,0
BRDA:101,18,0,0
BRDA:104,19,0,0
BRDA:105,20,0,0
BRDA:115,21,0,1
BRDA:117,22,0,0
BRDA:122,23,0,1
BRDA:131,24,0,0
BRF:25
BRH:13
end_of_record
TN:
SF:middlewares\auth.middleware.js
FN:3,authMiddleware
FNF:1
FNH:1
FNDA:4,authMiddleware
DA:1,1
DA:2,1
DA:3,1
DA:4,4
DA:5,4
DA:6,1
DA:7,1
DA:8,3
DA:9,3
DA:10,3
DA:11,3
DA:12,3
DA:13,3
DA:14,3
DA:15,4
DA:16,1
DA:17,1
DA:18,4
DA:19,1
DA:20,1
LF:20
LH:20
BRDA:3,0,0,4
BRDA:5,1,0,1
BRDA:7,2,0,3
BRDA:15,3,0,1
BRF:4
BRH:4
end_of_record
